Arguments: 
  C:\Program Files\nodejs\node.exe C:\Users\malka\AppData\Roaming\npm\node_modules\yarn\bin\yarn.js

PATH: 
  C:\programmering\Rasmus\bywhoumbraco\node_modules\.bin;C:\Program Files\Common Files\Oracle\Java\javapath;C:\Program Files (x86)\Common Files\Oracle\Java\javapath;C:\Windows\system32;C:\Windows;C:\Windows\System32\Wbem;C:\Windows\System32\WindowsPowerShell\v1.0\;C:\Windows\System32\OpenSSH\;C:\Program Files\dotnet\;C:\Program Files\Microsoft SQL Server\130\Tools\Binn\;C:\Program Files\Microsoft SQL Server\Client SDK\ODBC\170\Tools\Binn\;C:\Program Files\nodejs\;C:\Program Files (x86)\Microsoft SQL Server\150\DTS\Binn\;C:\Program Files\Azure Data Studio\bin;C:\Program Files (x86)\Microsoft SQL Server\150\Tools\Binn\;C:\Program Files\Microsoft SQL Server\150\Tools\Binn\;C:\Program Files\Microsoft SQL Server\150\DTS\Binn\;C:\Program Files\Git\cmd;C:\sdk\flutter;;C:\Program Files\NVIDIA Corporation\NVIDIA NvDLISR;C:\Program Files (x86)\NVIDIA Corporation\PhysX\Common;C:\Program Files (x86)\Microsoft SQL Server\110\DTS\Binn\;C:\Program Files (x86)\Microsoft SQL Server\120\DTS\Binn\;C:\Program Files (x86)\Microsoft SQL Server\130\DTS\Binn\;C:\Program Files (x86)\Microsoft SQL Server\140\DTS\Binn\;C:\Program Files\Docker\Docker\resources\bin;C:\ProgramData\DockerDesktop\version-bin;C:\Users\malka\.windows-build-tools\python27\;C:\Python27;C:\Users\malka\.dotnet\tools;C:\Program Files\JetBrains\WebStorm 2020.2.3\bin;C:\Users\malka\AppData\Roaming\npm;C:\Program Files\Azure Data Studio\bin;C:\Users\malka\AppData\Local\Programs\Microsoft VS Code\bin;C:\nuget;C:\sdk\flutter\bin;

Yarn version: 
  1.22.10

Node version: 
  14.15.0

Platform: 
  win32 x64

Trace: 
  SyntaxError: C:\programmering\Rasmus\bywhoumbraco\package.json: Unexpected token n in JSON at position 4
      at JSON.parse (<anonymous>)
      at C:\Users\malka\AppData\Roaming\npm\node_modules\yarn\lib\cli.js:1625:59
      at Generator.next (<anonymous>)
      at step (C:\Users\malka\AppData\Roaming\npm\node_modules\yarn\lib\cli.js:310:30)
      at C:\Users\malka\AppData\Roaming\npm\node_modules\yarn\lib\cli.js:321:13

npm manifest: 
  {
    name: "vuetest",
    version: "1.0.0",
    description: "",
    main: "index.js",
    scripts: {
      dev: "webpack-dev-server --mode development",
      prod: "webpack --mode production",
      dev-build: "webpack --mode development"
    },
    author: "",
    license: "ISC",
    devDependencies: {
      babel-core: "^6.26.3",
      babel-loader: "7",
      babel-plugin-transform-assets: "^1.0.2",
      babel-polyfill: "^6.26.0",
      babel-preset-es2015: "^6.24.1",
      babel-preset-stage-0: "^6.24.1",
      css-loader: "2.1.1",
      fibers: "4.0.1",
      mini-css-extract-plugin: "0.7.0",
      node-sass: "4.12.0",
      sass: "*",
      sass-loader: "*",
      style-loader: "0.23.1",
      vue-loader: "^15.7.0",
      vue-template-compiler: "^2.6.10",
      webpack: "^4.32.2",
      webpack-cli: "^3.3.2",
      webpack-dev-server: "^3.4.1"
    },
    dependencies: {
      @babel/preset-env: "^7.6.0",
      axios: "^0.19.0",
      mobile-device-detect: "^0.3.3",
      vue: "^2.6.10",
      vue-croppa: "^1.3.8",
      vuetify: "^1.5.14",
      vuetify-loader: "^1.2.2",
      vuex: "^3.1.1"
    }
  }

yarn manifest: 
  No manifest

Lockfile: 
  No lockfile
